<?xml version="1.0" encoding="UTF-8"?>
<!-- Generated by org.testng.reporters.JUnitReportReporter -->
<testsuite hostname="orpheus" failures="0" tests="2" name="selenium.Tests.ErrorValidations" time="8.420" errors="0" timestamp="2023-09-01T04:07:48 BST" skipped="0">
  <testcase classname="selenium.Tests.ErrorValidations" name="loginErrorValidation" time="3.243"/>
  <testcase classname="selenium.Tests.ErrorValidations" name="productErrorValidation" time="5.177"/>
</testsuite> <!-- selenium.Tests.ErrorValidations -->
