<?xml version="1.0" encoding="UTF-8"?>
<!-- Generated by org.testng.reporters.JUnitReportReporter -->
<testsuite hostname="orpheus" failures="0" tests="2" name="selenium.Tests.SubmitOrderTest" time="16.241" errors="0" timestamp="2023-10-25T01:52:47 BST" skipped="0">
  <testcase classname="selenium.Tests.SubmitOrderTest" name="submitOrder" time="9.151"/>
  <testcase classname="selenium.Tests.SubmitOrderTest" name="submitOrder" time="7.090"/>
</testsuite> <!-- selenium.Tests.SubmitOrderTest -->
