<?xml version="1.0" encoding="UTF-8"?>
<!-- Generated by org.testng.reporters.JUnitReportReporter -->
<testsuite hostname="orpheus" failures="0" tests="1" name="cucumber.TestNGTestRunner" time="8.180" errors="0" timestamp="2023-10-25T01:54:52 BST" skipped="0">
  <testcase classname="cucumber.TestNGTestRunner" name="runScenario" time="8.180"/>
</testsuite> <!-- cucumber.TestNGTestRunner -->
