<?xml version="1.0" encoding="UTF-8"?>
<!-- Generated by org.testng.reporters.JUnitReportReporter -->
<testsuite hostname="orpheus" failures="0" tests="3" name="selenium.Tests.SubmitOrderTest" time="19.727" errors="0" timestamp="2023-09-07T07:30:53 BST" skipped="0">
  <testcase classname="selenium.Tests.SubmitOrderTest" name="submitOrder" time="5.955"/>
  <testcase classname="selenium.Tests.SubmitOrderTest" name="orderHistoryTest" time="6.658"/>
  <testcase classname="selenium.Tests.SubmitOrderTest" name="submitOrder" time="7.114"/>
</testsuite> <!-- selenium.Tests.SubmitOrderTest -->
